<?xml version="1.0" encoding="UTF-8" ?>
<testsuite tests="15" failures="0" name="com.raidiamproject.automation.runners.ApiRunner" time="2.299" errors="0" skipped="0">
  <properties>
[...]
</properties>
  <testcase classname="com.raidiamproject.automation.api.ListAccountsEndpointTest" name="givenListAccountsEndpoint_RequestWithoutToken" time="1.197"/>
  <testcase classname="com.raidiamproject.automation.api.ListAccountsEndpointTest" name="givenListAccountsEndpoint_ClientWithoutConsent" time="0.119"/>
  <testcase classname="com.raidiamproject.automation.api.ListAccountsEndpointTest" name="givenListAccountsEndpoint_ClientWithWrongToken" time="0.096"/>
  <testcase classname="com.raidiamproject.automation.api.ListAccountsEndpointTest" name="givenListAccountsEndpoint_CheckContract" time="0.222"/>
  <testcase classname="com.raidiamproject.automation.api.ListAccountsEndpointTest" name="givenListAccountsEndpoint_CheckStatusCode" time="0.011"/>
  <testcase classname="com.raidiamproject.automation.api.ListAccountsEndpointTest" name="givenListAccountsEndpoint_RequestWithWrongHTTP" time="0.101"/>
  <testcase classname="com.raidiamproject.automation.api.GetAccountEndpointTest" name="givenGetAccountEndpoint_InvalidUUID" time="0.07"/>
  <testcase classname="com.raidiamproject.automation.api.GetAccountEndpointTest" name="givenGetAccountEndpoint_CheckStatusCode" time="0.01"/>
  <testcase classname="com.raidiamproject.automation.api.GetAccountEndpointTest" name="givenGetAccountEndpoint_EmptyAccountId" time="0.076"/>
  <testcase classname="com.raidiamproject.automation.api.GetAccountEndpointTest" name="givenGetAccountEndpoint_NonexistentAccountId" time="0.073"/>
  <testcase classname="com.raidiamproject.automation.api.GetAccountEndpointTest" name="givenGetAccountEndpoint_InvalidTokenFormat" time="0.071"/>
  <testcase classname="com.raidiamproject.automation.api.GetAccountEndpointTest" name="givenGetAccountEndpoint_CheckContract" time="0.072"/>
  <testcase classname="com.raidiamproject.automation.api.GetAccountEndpointTest" name="givenGetAccountEndpoint_UUIDWithSpecialChars" time="0.063"/>
  <testcase classname="com.raidiamproject.automation.api.GetAccountEndpointTest" name="givenGetAccountEndpoint_ClientWithoutToken" time="0.058"/>
  <testcase classname="com.raidiamproject.automation.api.GetAccountEndpointTest" name="givenGetAccountEndpoint_InvalidHTTPMethod" time="0.06"/>
</testsuite>